Arguments: 
  C:\Program Files\nodejs\node.exe C:\Users\zkhan\AppData\Roaming\npm\node_modules\yarn\bin\yarn.js add --dev hardhat

PATH: 
  C:\Python310\Scripts\;C:\Python310\;C:\Python38\Scripts\;C:\Python38\;C:\Program Files\Java\jdk-9.0.4\bin;C:\ProgramData\Oracle\Java\javapath;C:\WINDOWS\system32;C:\WINDOWS;C:\WINDOWS\System32\Wbem;C:\WINDOWS\System32\WindowsPowerShell\v1.0\;C:\Program Files\PuTTY\;C:\WINDOWS\System32\OpenSSH\;C:\Program Files\Git\cmd;C:\Program Files\PostgreSQL\11\bin;C:\Program Files\PostgreSQL\11\lib;C:\ProgramData\chocolatey\bin;C:\Program Files\nodejs\;C:\Users\zkhan\.windows-build-tools\python27\;C:\Program Files\Java\jdk-9.0.4\bin;C:\Users\zkhan\AppData\Local\Microsoft\WindowsApps;C:\Program Files\JetBrains\PyCharm 2018.3.4\bin;;C:\Users\zkhan\AppData\Local\Microsoft\WindowsApps;C:\Users\zkhan\AppData\Local\Programs\Microsoft VS Code\bin;C:\texlive\2021\bin\win32;C:\Users\zkhan\AppData\Roaming\npm

Yarn version: 
  1.22.15

Node version: 
  14.18.0

Platform: 
  win32 x64

Trace: 
  Error: getaddrinfo ENOTFOUND registry.yarnpkg.com
      at GetAddrInfoReqWrap.onlookup [as oncomplete] (dns.js:71:26)

npm manifest: 
  {
    "name": "my-bridge",
    "version": "1.0.0",
    "main": "index.js",
    "author": "Zeynab Khani <zkhani9776@gmail.com>",
    "license": "MIT"
  }

yarn manifest: 
  No manifest

Lockfile: 
  No lockfile
